[calvinkam.github.io/csci3150-Fall17-lab3/index.html]
[backblue.gif]
[fade.gif]
[index.html]
[calvinkam.github.io/csci3150-Fall17-lab3/gitbook/style.css]
[calvinkam.github.io/csci3150-Fall17-lab3/gitbook/gitbook-plugin-highlight/website.css]
[calvinkam.github.io/csci3150-Fall17-lab3/gitbook/gitbook-plugin-search/search.css]
[calvinkam.github.io/csci3150-Fall17-lab3/gitbook/gitbook-plugin-fontsettings/website.css]
[calvinkam.github.io/csci3150-Fall17-lab3/styles/website.css]
[calvinkam.github.io/csci3150-Fall17-lab3/gitbook/images/apple-touch-icon-precomposed-152.png]
[calvinkam.github.io/csci3150-Fall17-lab3/gitbook/images/favicon.ico]
[calvinkam.github.io/csci3150-Fall17-lab3/building-a-program.html]
[calvinkam.github.io/csci3150-Fall17-lab3/pre-processor.html]
[calvinkam.github.io/csci3150-Fall17-lab3/compiler-and-optimizer.html]
[calvinkam.github.io/csci3150-Fall17-lab3/assembler-and-linker.html]
[calvinkam.github.io/csci3150-Fall17-lab3/gcc.html]
[calvinkam.github.io/csci3150-Fall17-lab3/organizing-a-c-project.html]
[calvinkam.github.io/csci3150-Fall17-lab3/makefile-handy-tools-for-compilation.html]
[calvinkam.github.io/csci3150-Fall17-lab3/makefile-handy-tools-for-compilation/makefile-structure.html]
[calvinkam.github.io/csci3150-Fall17-lab3/other-system-tools.html]
[calvinkam.github.io/csci3150-Fall17-lab3/executable-and-linkable-formatelf.html]
[calvinkam.github.io/csci3150-Fall17-lab3/readelf.html]
[calvinkam.github.io/csci3150-Fall17-lab3/objdump.html]
[calvinkam.github.io/csci3150-Fall17-lab3/strace.html]
[calvinkam.github.io/csci3150-Fall17-lab3/.html]
[calvinkam.github.io/csci3150-Fall17-lab3/gitbook/gitbook.js]
[calvinkam.github.io/csci3150-Fall17-lab3/gitbook/theme.js]
[calvinkam.github.io/csci3150-Fall17-lab3/gitbook/gitbook-plugin-livereload/plugin.js]
[calvinkam.github.io/csci3150-Fall17-lab3/gitbook/gitbook-plugin-search/search-engine.js]
[calvinkam.github.io/csci3150-Fall17-lab3/gitbook/gitbook-plugin-search/search.js]
[calvinkam.github.io/csci3150-Fall17-lab3/gitbook/gitbook-plugin-lunr/lunr.min.js]
[calvinkam.github.io/csci3150-Fall17-lab3/gitbook/gitbook-plugin-lunr/search-lunr.js]
[calvinkam.github.io/csci3150-Fall17-lab3/gitbook/gitbook-plugin-sharing/buttons.js]
[calvinkam.github.io/csci3150-Fall17-lab3/gitbook/gitbook-plugin-fontsettings/fontsettings.js]
[calvinkam.github.io/csci3150-Fall17-lab3/index.html]
[calvinkam.github.io/csci3150-Fall17-lab3/gitbook/fonts/fontawesome/fontawesome-webfont5b62.eot]
[calvinkam.github.io/csci3150-Fall17-lab3/gitbook/fonts/fontawesome/fontawesome-webfontd41d.eot]
[calvinkam.github.io/csci3150-Fall17-lab3/gitbook/fonts/fontawesome/fontawesome-webfont5b62.woff2]
[calvinkam.github.io/csci3150-Fall17-lab3/gitbook/fonts/fontawesome/fontawesome-webfont5b62.woff]
[calvinkam.github.io/csci3150-Fall17-lab3/gitbook/fonts/fontawesome/fontawesome-webfont5b62.ttf]
[calvinkam.github.io/csci3150-Fall17-lab3/gitbook/fonts/fontawesome/fontawesome-webfont5b62.svg]
[calvinkam.github.io/csci3150-Fall17-lab3/gitbook/style.css]
[calvinkam.github.io/csci3150-Fall17-lab3/gitbook/gitbook-plugin-highlight/website.css]
[calvinkam.github.io/csci3150-Fall17-lab3/gitbook/gitbook-plugin-search/search.css]
[calvinkam.github.io/csci3150-Fall17-lab3/gitbook/gitbook-plugin-fontsettings/website.css]
[calvinkam.github.io/csci3150-Fall17-lab3/styles/website.css]
[calvinkam.github.io/csci3150-Fall17-lab3/assets/flow1.png]
[calvinkam.github.io/csci3150-Fall17-lab3/assets/flow2.png]
[calvinkam.github.io/csci3150-Fall17-lab3/building-a-program.html]
[calvinkam.github.io/csci3150-Fall17-lab3/assets/2017-09-08 16_51_04-Cmder.png]
[calvinkam.github.io/csci3150-Fall17-lab3/assets/swap.png]
[calvinkam.github.io/csci3150-Fall17-lab3/assets/include_program.png]
[calvinkam.github.io/csci3150-Fall17-lab3/pre-processor.html]
[calvinkam.github.io/csci3150-Fall17-lab3/assets/add_O0.png]
[calvinkam.github.io/csci3150-Fall17-lab3/assets/add_O1.png]
[calvinkam.github.io/csci3150-Fall17-lab3/compiler-and-optimizer.html]
[calvinkam.github.io/csci3150-Fall17-lab3/assets/libraries.png]
[calvinkam.github.io/csci3150-Fall17-lab3/assets/static.png]
[calvinkam.github.io/csci3150-Fall17-lab3/assets/dynamic.png]
[calvinkam.github.io/csci3150-Fall17-lab3/assets/math_error.png]
[calvinkam.github.io/csci3150-Fall17-lab3/assets/math_ldd.png]
[calvinkam.github.io/csci3150-Fall17-lab3/assembler-and-linker.html]
[calvinkam.github.io/csci3150-Fall17-lab3/gcc.html]
[calvinkam.github.io/csci3150-Fall17-lab3/assets/function.png]
[calvinkam.github.io/csci3150-Fall17-lab3/assets/gcc_warning.png]
[calvinkam.github.io/csci3150-Fall17-lab3/assets/C_Project.png]
[calvinkam.github.io/csci3150-Fall17-lab3/organizing-a-c-project.html]
[calvinkam.github.io/csci3150-Fall17-lab3/makefile-handy-tools-for-compilation.html]
[calvinkam.github.io/csci3150-Fall17-lab3/makefile-handy-tools-for-compilation/makefile-structure.html]
[calvinkam.github.io/csci3150-Fall17-lab3/other-system-tools.html]
[calvinkam.github.io/csci3150-Fall17-lab3/executable-and-linkable-formatelf.html]
[calvinkam.github.io/csci3150-Fall17-lab3/assets/header.png]
[calvinkam.github.io/csci3150-Fall17-lab3/assets/dumpx.png]
[calvinkam.github.io/csci3150-Fall17-lab3/readelf.html]
[calvinkam.github.io/csci3150-Fall17-lab3/assets/objdumpheader.png]
[calvinkam.github.io/csci3150-Fall17-lab3/assets/checkPassd.png]
[calvinkam.github.io/csci3150-Fall17-lab3/assets/grantedMain.png]
[calvinkam.github.io/csci3150-Fall17-lab3/objdump.html]
[calvinkam.github.io/csci3150-Fall17-lab3/assets/straceoverflow.png]
[calvinkam.github.io/csci3150-Fall17-lab3/strace.html]
[calvinkam.github.io/csci3150-Fall17-lab3/.html]
[calvinkam.github.io/csci3150-Fall17-lab3/gitbook/fonts/fontawesome/fontawesome-webfont5b62.svg]
